2025-09-21 09:56:00 - [32minfo[39m: Creating configuration file...
2025-09-21 09:56:00 - [32minfo[39m: Adding new script(s) in package.json...
2025-09-21 09:56:00 - [32minfo[39m: Setup completed
2025-09-21 09:56:55 - [32minfo[39m: Creating configuration file...
2025-09-21 09:56:55 - [32minfo[39m: Setup completed
2025-09-21 10:07:16 - [32minfo[39m: Creating configuration file...
2025-09-21 10:07:16 - [32minfo[39m: Setup completed
2025-09-21 10:08:55 - [32minfo[39m: Reading configs from /home/usuario/projeto/browserstack.yml
2025-09-21 10:08:55 - [32minfo[39m: Log Directory has been set to /home/usuario/projeto/log
2025-09-21 10:08:55 - [32minfo[39m: Log Directory has been set to /home/usuario/projeto/log
2025-09-21 10:08:56 - [32minfo[39m: Running SDK with args /usr/bin/node /home/usuario/projeto/node_modules/.bin/browserstack-node-sdk codeceptjs run --reporter mochawesome
2025-09-21 10:08:56 - [32minfo[39m: SDK run started with id: 2d209c20-40e6-4252-9b93-edcc23e2d1cc
2025-09-21 10:08:56 - [32minfo[39m: Project and debug logs are captured by default. To disable, set disableAutoCaptureLogs: true in config.
2025-09-21 10:09:01 - [32minfo[39m: Local binary started successfully
2025-09-21 10:09:01 - [32minfo[39m: Getting your codeceptjs configs from /home/usuario/projeto/codecept.conf.js
2025-09-21 10:08:56 - [32minfo[39m: Running SDK with args /usr/bin/node /home/usuario/projeto/node_modules/.bin/browserstack-node-sdk codeceptjs run --reporter mochawesome
2025-09-21 10:08:56 - [32minfo[39m: SDK run started with id: 2d209c20-40e6-4252-9b93-edcc23e2d1cc
2025-09-21 10:08:56 - [32minfo[39m: Project and debug logs are captured by default. To disable, set disableAutoCaptureLogs: true in config.
2025-09-21 10:09:01 - [32minfo[39m: Local binary started successfully
2025-09-21 10:09:01 - [32minfo[39m: Getting your codeceptjs configs from /home/usuario/projeto/codecept.conf.js
2025-09-21 10:09:02 - [31merror[39m: ACCESSIBILITY Build creation failed
2025-09-21 10:09:02 - [31merror[39m: ACCESSIBILITY Build creation failed
2025-09-21 10:09:02 - [32minfo[39m: Testhub started with id: ukx9mg56g7okuizviiezsg5d8brra0p9ug0g3794
2025-09-21 10:09:02 - [32minfo[39m: Testhub started with id: ukx9mg56g7okuizviiezsg5d8brra0p9ug0g3794
2025-09-21 10:09:03 - [32minfo[39m: SDK run ended for id: 2d209c20-40e6-4252-9b93-edcc23e2d1cc, testhub id: ukx9mg56g7okuizviiezsg5d8brra0p9ug0g3794
2025-09-21 10:09:03 - [32minfo[39m: SDK run ended for id: 2d209c20-40e6-4252-9b93-edcc23e2d1cc, testhub id: ukx9mg56g7okuizviiezsg5d8brra0p9ug0g3794
2025-09-21 10:09:07 - [32minfo[39m: Local binary stopped
2025-09-21 10:09:07 - [32minfo[39m: Local binary stopped
2025-09-21 10:09:07 - [32minfo[39m: [BrowserstackCLI] stop: CLI is not running, skipping stop
2025-09-21 10:09:07 - [32minfo[39m: [BrowserstackCLI] stop: CLI is not running, skipping stop
2025-09-21 10:09:07 - [32minfo[39m: key-metrics.json file not found, skipping processing for event for cli.
2025-09-21 10:09:07 - [32minfo[39m: key-metrics.json file not found, skipping processing for event for cli.
